Removed Pin From Net: NetName=Vdd Pin=dsPIC30-11
Removed Pin From Net: NetName=GND Pin=dsPIC30-12
Removed Pin From Net: NetName=GND Pin=dsPIC30-20
Added Component: Designator=Driver(STM-FM-15)
Add component (AddParameter): Name = "Automotive Qualification Standard"; Value = "-"; VariantName = "[No Variations]"
Add component (AddParameter): Name = "Datasheet URL"; Value = "https://datasheet.ciiva.com/15109/getdatasheetpartid-50682-15109332.pdf"; VariantName = "[No Variations]"
Add component (AddParameter): Name = "Datasheet Version"; Value = "01/2000"; VariantName = "[No Variations]"
Add component (AddParameter): Name = "Driver Case Style"; Value = "Multiwatt"; VariantName = "[No Variations]"
Add component (AddParameter): Name = "Manufacturer"; Value = "STMicroelectronics"; VariantName = "[No Variations]"
Add component (AddParameter): Name = "Manufacturer URL"; Value = "http://www.st.com/"; VariantName = "[No Variations]"
Add component (AddParameter): Name = "Motor Type"; Value = "FullBridge"; VariantName = "[No Variations]"
Add component (AddParameter): Name = "Mounting Technology"; Value = "ThroughHole"; VariantName = "[No Variations]"
Add component (AddParameter): Name = "MSL"; Value = "-"; VariantName = "[No Variations]"
Add component (AddParameter): Name = "No. of Outputs"; Value = "4Outputs"; VariantName = "[No Variations]"
Add component (AddParameter): Name = "No. of Pins"; Value = "15Pins"; VariantName = "[No Variations]"
Add component (AddParameter): Name = "Operating Temperature Max"; Value = "130°C"; VariantName = "[No Variations]"
Add component (AddParameter): Name = "Operating Temperature Min"; Value = "-25°C"; VariantName = "[No Variations]"
Add component (AddParameter): Name = "Output Current"; Value = "2A"; VariantName = "[No Variations]"
Add component (AddParameter): Name = "Output Voltage"; Value = "46V"; VariantName = "[No Variations]"
Add component (AddParameter): Name = "Package Description"; Value = "15-Pin Flange Mount, Body 5 x 19.6 mm, Pitch 1.27 mm"; VariantName = "[No Variations]"
Add component (AddParameter): Name = "Package Reference"; Value = "FM-15"; VariantName = "[No Variations]"
Add component (AddParameter): Name = "Packaging"; Value = "Each"; VariantName = "[No Variations]"
Add component (AddParameter): Name = "PartNumber"; Value = "L298"; VariantName = "[No Variations]"
Add component (AddParameter): Name = "Product Range"; Value = "-"; VariantName = "[No Variations]"
Add component (AddParameter): Name = "Supply Voltage Max"; Value = "7V"; VariantName = "[No Variations]"
Add component (AddParameter): Name = "Supply Voltage Min"; Value = "4.5V"; VariantName = "[No Variations]"
Add component (AddParameter): Name = "SVHC"; Value = "NoSVHC(17-Dec-2015)"; VariantName = "[No Variations]"
Added Component: Designator=J2(FP-TSW-110-08-G-D-MFG)
Add component (AddParameter): Name = "Automotive"; Value = "No"; VariantName = "[No Variations]"
Add component (AddParameter): Name = "Category"; Value = "Conn"; VariantName = "[No Variations]"
Add component (AddParameter): Name = "ComponentLink2Description"; Value = "Datasheet"; VariantName = "[No Variations]"
Add component (AddParameter): Name = "ComponentLink2URL"; Value = "http://suddendocs.samtec.com/prints/tsw-xxx-xx-xxx-x-xx-xxx-mkt.pdf"; VariantName = "[No Variations]"
Add component (AddParameter): Name = "Conn Gender"; Value = "Male"; VariantName = "[No Variations]"
Add component (AddParameter): Name = "Conn Orientation"; Value = "Straight"; VariantName = "[No Variations]"
Add component (AddParameter): Name = "Contact Material"; Value = "Gold,Nickel"; VariantName = "[No Variations]"
Add component (AddParameter): Name = "Device Class L1"; Value = "Connectors"; VariantName = "[No Variations]"
Add component (AddParameter): Name = "Device Class L2"; Value = "Headers and Wire Housings"; VariantName = "[No Variations]"
Add component (AddParameter): Name = "Device Class L3"; Value = "unset"; VariantName = "[No Variations]"
Add component (AddParameter): Name = "Digikey Description"; Value = "CONN HEADER VERT 20POS 2.54MM"; VariantName = "[No Variations]"
Add component (AddParameter): Name = "Footprint Url"; Value = "http://suddendocs.samtec.com/prints/tsw-xxx-xx-x-x-xx-xxx-footprint.pdf"; VariantName = "[No Variations]"
Add component (AddParameter): Name = "Height"; Value = "8.71mm"; VariantName = "[No Variations]"
Add component (AddParameter): Name = "Ipc Land Pattern Name"; Value = "CAPAD1016W80L630D240"; VariantName = "[No Variations]"
Add component (AddParameter): Name = "Lead Free"; Value = "Yes"; VariantName = "[No Variations]"
Add component (AddParameter): Name = "Manufacturer"; Value = "Samtec"; VariantName = "[No Variations]"
Add component (AddParameter): Name = "Manufacturer Part Number"; Value = "TSW-110-08-G-D"; VariantName = "[No Variations]"
Add component (AddParameter): Name = "Number Of Contacts"; Value = "20"; VariantName = "[No Variations]"
Add component (AddParameter): Name = "Number Of Rows"; Value = "2"; VariantName = "[No Variations]"
Add component (AddParameter): Name = "Octopart"; Value = "https://octopart.com/tsw-110-08-g-d-samtec-272555"; VariantName = "[No Variations]"
Add component (AddParameter): Name = "Package"; Value = "TSW-110-08-G-D"; VariantName = "[No Variations]"
Add component (AddParameter): Name = "Pitch"; Value = "2.54mm"; VariantName = "[No Variations]"
Add component (AddParameter): Name = "RoHS"; Value = "TRUE"; VariantName = "[No Variations]"
Add component (AddParameter): Name = "Temperature"; Value = "-55°C to +125°C"; VariantName = "[No Variations]"
Add component (AddParameter): Name = "Temperature Range High"; Value = "+125°C"; VariantName = "[No Variations]"
Add component (AddParameter): Name = "Temperature Range Low"; Value = "-55°C"; VariantName = "[No Variations]"
Added Pin To Net: NetName=dsPIC1 Pin=dsPIC30-1
Added Pin To Net: NetName=dsPIC1 Pin=J1-1
Added Net: Name=dsPIC1
Added Pin To Net: NetName=dsPIC2 Pin=dsPIC30-2
Added Pin To Net: NetName=dsPIC2 Pin=J1-2
Added Net: Name=dsPIC2
Added Pin To Net: NetName=dsPIC3 Pin=dsPIC30-3
Added Pin To Net: NetName=dsPIC3 Pin=J1-3
Added Net: Name=dsPIC3
Added Pin To Net: NetName=dsPIC4 Pin=dsPIC30-4
Added Pin To Net: NetName=dsPIC4 Pin=J1-4
Added Net: Name=dsPIC4
Added Pin To Net: NetName=dsPIC5 Pin=dsPIC30-5
Added Pin To Net: NetName=dsPIC5 Pin=J1-5
Added Net: Name=dsPIC5
Added Pin To Net: NetName=dsPIC6 Pin=dsPIC30-6
Added Pin To Net: NetName=dsPIC6 Pin=J1-6
Added Net: Name=dsPIC6
Added Pin To Net: NetName=dsPIC7 Pin=dsPIC30-7
Added Pin To Net: NetName=dsPIC7 Pin=J1-7
Added Net: Name=dsPIC7
Added Pin To Net: NetName=dsPIC8 Pin=dsPIC30-8
Added Pin To Net: NetName=dsPIC8 Pin=J1-8
Added Net: Name=dsPIC8
Added Pin To Net: NetName=dsPIC9 Pin=dsPIC30-9
Added Pin To Net: NetName=dsPIC9 Pin=J1-9
Added Net: Name=dsPIC9
Added Pin To Net: NetName=dsPIC10 Pin=dsPIC30-10
Added Pin To Net: NetName=dsPIC10 Pin=J1-10
Added Net: Name=dsPIC10
Added Pin To Net: NetName=dsPIC11 Pin=dsPIC30-11
Added Pin To Net: NetName=dsPIC11 Pin=J1-11
Added Net: Name=dsPIC11
Added Pin To Net: NetName=dsPIC12 Pin=dsPIC30-12
Added Pin To Net: NetName=dsPIC12 Pin=J1-12
Added Net: Name=dsPIC12
Added Pin To Net: NetName=dsPIC13 Pin=dsPIC30-13
Added Pin To Net: NetName=dsPIC13 Pin=J1-13
Added Net: Name=dsPIC13
Added Pin To Net: NetName=dsPIC14 Pin=dsPIC30-14
Added Pin To Net: NetName=dsPIC14 Pin=J1-14
Added Net: Name=dsPIC14
Added Pin To Net: NetName=dsPIC15 Pin=dsPIC30-15
Added Pin To Net: NetName=dsPIC15 Pin=J1-15
Added Net: Name=dsPIC15
Added Pin To Net: NetName=dsPIC16 Pin=dsPIC30-16
Added Pin To Net: NetName=dsPIC16 Pin=J1-16
Added Net: Name=dsPIC16
Added Pin To Net: NetName=dsPIC17 Pin=dsPIC30-17
Added Pin To Net: NetName=dsPIC17 Pin=J1-17
Added Net: Name=dsPIC17
Added Pin To Net: NetName=dsPIC18 Pin=dsPIC30-18
Added Pin To Net: NetName=dsPIC18 Pin=J1-18
Added Net: Name=dsPIC18
Added Pin To Net: NetName=dsPIC19 Pin=dsPIC30-19
Added Pin To Net: NetName=dsPIC19 Pin=J1-19
Added Net: Name=dsPIC19
Added Pin To Net: NetName=dsPIC20 Pin=dsPIC30-20
Added Pin To Net: NetName=dsPIC20 Pin=J1-20
Added Net: Name=dsPIC20
Added Pin To Net: NetName=dsPIC21 Pin=dsPIC30-21
Added Pin To Net: NetName=dsPIC21 Pin=J2-1
Added Net: Name=dsPIC21
Added Pin To Net: NetName=dsPIC22 Pin=dsPIC30-22
Added Pin To Net: NetName=dsPIC22 Pin=J2-2
Added Net: Name=dsPIC22
Added Pin To Net: NetName=dsPIC23 Pin=dsPIC30-23
Added Pin To Net: NetName=dsPIC23 Pin=J2-3
Added Net: Name=dsPIC23
Added Pin To Net: NetName=dsPIC24 Pin=dsPIC30-24
Added Pin To Net: NetName=dsPIC24 Pin=J2-4
Added Net: Name=dsPIC24
Added Pin To Net: NetName=dsPIC25 Pin=dsPIC30-25
Added Pin To Net: NetName=dsPIC25 Pin=J2-5
Added Net: Name=dsPIC25
Added Pin To Net: NetName=dsPIC26 Pin=dsPIC30-26
Added Pin To Net: NetName=dsPIC26 Pin=J2-6
Added Net: Name=dsPIC26
Added Pin To Net: NetName=dsPIC27 Pin=dsPIC30-27
Added Pin To Net: NetName=dsPIC27 Pin=J2-7
Added Net: Name=dsPIC27
Added Pin To Net: NetName=dsPIC28 Pin=dsPIC30-28
Added Pin To Net: NetName=dsPIC28 Pin=J2-8
Added Net: Name=dsPIC28
Added Pin To Net: NetName=dsPIC29 Pin=dsPIC30-29
Added Pin To Net: NetName=dsPIC29 Pin=J2-9
Added Net: Name=dsPIC29
Added Pin To Net: NetName=dsPIC30 Pin=dsPIC30-30
Added Pin To Net: NetName=dsPIC30 Pin=J2-10
Added Net: Name=dsPIC30
Added Pin To Net: NetName=dsPIC31 Pin=dsPIC30-31
Added Pin To Net: NetName=dsPIC31 Pin=J2-20
Added Net: Name=dsPIC31
Added Pin To Net: NetName=dsPIC32 Pin=dsPIC30-32
Added Pin To Net: NetName=dsPIC32 Pin=J2-19
Added Net: Name=dsPIC32
Added Pin To Net: NetName=dsPIC33 Pin=dsPIC30-33
Added Pin To Net: NetName=dsPIC33 Pin=J2-18
Added Net: Name=dsPIC33
Added Pin To Net: NetName=dsPIC34 Pin=dsPIC30-34
Added Pin To Net: NetName=dsPIC34 Pin=J2-17
Added Net: Name=dsPIC34
Added Pin To Net: NetName=dsPIC35 Pin=dsPIC30-35
Added Pin To Net: NetName=dsPIC35 Pin=J2-16
Added Net: Name=dsPIC35
Added Pin To Net: NetName=dsPIC36 Pin=dsPIC30-36
Added Pin To Net: NetName=dsPIC36 Pin=J2-15
Added Net: Name=dsPIC36
Added Pin To Net: NetName=dsPIC37 Pin=dsPIC30-37
Added Pin To Net: NetName=dsPIC37 Pin=J2-14
Added Net: Name=dsPIC37
Added Pin To Net: NetName=dsPIC38 Pin=dsPIC30-38
Added Pin To Net: NetName=dsPIC38 Pin=J2-13
Added Net: Name=dsPIC38
Added Pin To Net: NetName=dsPIC39 Pin=dsPIC30-39
Added Pin To Net: NetName=dsPIC39 Pin=J2-12
Added Net: Name=dsPIC39
Added Pin To Net: NetName=dsPIC40 Pin=dsPIC30-40
Added Pin To Net: NetName=dsPIC40 Pin=J2-11
Added Net: Name=dsPIC40
Added Class: Name=dsPIC[40..1]
Added Member To Class: ClassName=Sheet1 Member=Component Driver L298N
Added Member To Class: ClassName=Sheet1 Member=Component J2 TSW-110-08-G-D
