Removed Pin From Net: NetName=GND Pin=ACin-2
Removed Member From Class: ClassName=Sheet1 Member=ACin
Change Component Footprint: Designator=J1 Old Footprint=FP-TSW-110-08-G-D-MFG New Footprint=CUI-PJ-002A_V
Change Component Footprint: Designator=J2 Old Footprint=FP-TSW-110-08-G-D-MFG New Footprint=FP-TMM-105-01-G-S-MFG
Change Component Comment : Designator=J2 Old Comment=TSW-110-08-G-D New Comment=dsPicProgPins
Change Component Comment : Designator=J1 Old Comment=TSW-110-08-G-D New Comment=PJ-002A
Change Managed Component Library Link : Designator=J1 Old VaultGUID=B7D15EC3-160A-466F-A46C-7801FE6295A7 New VaultGUID=B7D15EC3-160A-466F-A46C-7801FE6295A7 Old ItemGUID=1251D1FC-24AF-495F-94EF-89E4A3C6C2B3 New ItemGUID=1820D68C-162F-43F1-92B6-3101DC4371B6 Old RevisionGUID=ACF9BF7D-3B75-4225-BD5C-E2AF27B30E93 New RevisionGUID=E14AF5CC-211F-414A-B844-18C056A16994
Change Managed Component Library Link : Designator=J2 Old VaultGUID=B7D15EC3-160A-466F-A46C-7801FE6295A7 New VaultGUID=B7D15EC3-160A-466F-A46C-7801FE6295A7 Old ItemGUID=1251D1FC-24AF-495F-94EF-89E4A3C6C2B3 New ItemGUID=53711BA4-2792-44B8-8B1F-3D51A3D4CFBA Old RevisionGUID=ACF9BF7D-3B75-4225-BD5C-E2AF27B30E93 New RevisionGUID=EE1833AE-D88F-485D-B296-5D2694893FA8
Change component parameters: Designator = "J1" ("J1"); Footprint = "FP-TSW-110-08-G-D-MFG"; UniqueID = "\VCRNOMNL" ("\VCRNOMNL")
Change component parameters (AddParameter): Name = "Brand"; Value = "CUI"; VariantName = "[No Variations]"
Change component parameters (AddParameter): Name = "Connector Type"; Value = "DCPowerJack"; VariantName = "[No Variations]"
Change component parameters (AddParameter): Name = "Contact Gender"; Value = "Male"; VariantName = "[No Variations]"
Change component parameters (AddParameter): Name = "Contact Material"; Value = "Copper"; VariantName = "[No Variations]"
Change component parameters (AddParameter): Name = "Contact Plating"; Value = "Nickel"; VariantName = "[No Variations]"
Change component parameters (AddParameter): Name = "Current Rating"; Value = "2.5A"; VariantName = "[No Variations]"
Change component parameters (AddParameter): Name = "Datasheet URL"; Value = "http://www.cui.com/product/resource/pj-002a.pdf"; VariantName = "[No Variations]"
Change component parameters (AddParameter): Name = "Datasheet Version"; Value = "Rev. 1.03, 04/2016"; VariantName = "[No Variations]"
Change component parameters (AddParameter): Name = "Factory Pack Quantity"; Value = "500"; VariantName = "[No Variations]"
Change component parameters (AddParameter): Name = "Flammability Rating"; Value = "UL94V-0"; VariantName = "[No Variations]"
Change component parameters (AddParameter): Name = "Housing Material"; Value = "PolybutyleneTerephthalate(PBT)"; VariantName = "[No Variations]"
Change component parameters (AddParameter): Name = "Inside Contact Diameter"; Value = "2mm"; VariantName = "[No Variations]"
Change component parameters (AddParameter): Name = "Insulation Resistance"; Value = "50MOhms"; VariantName = "[No Variations]"
Change component parameters (AddParameter): Name = "Manufacturer"; Value = "CUIInc."; VariantName = "[No Variations]"
Change component parameters (AddParameter): Name = "Manufacturer URL"; Value = "http://www.cui.com/"; VariantName = "[No Variations]"
Change component parameters (AddParameter): Name = "Mounting Angle"; Value = "Right"; VariantName = "[No Variations]"
Change component parameters (AddParameter): Name = "Mounting Style"; Value = "ThroughHole"; VariantName = "[No Variations]"
Change component parameters (AddParameter): Name = "Mounting Technology"; Value = "ThroughHole"; VariantName = "[No Variations]"
Change component parameters (AddParameter): Name = "Operating Temperature Range"; Value = "-25Cto+85C"; VariantName = "[No Variations]"
Change component parameters (AddParameter): Name = "Outside Contact Diameter"; Value = "6.5mm"; VariantName = "[No Variations]"
Change component parameters (AddParameter): Name = "Package Description"; Value = "3-Pin Through Hole Device, Body 14.4 x 9 mm, Height 11 mm"; VariantName = "[No Variations]"
Change component parameters (AddParameter): Name = "Package Reference"; Value = "PJ-002A"; VariantName = "[No Variations]"
Change component parameters (AddParameter): Name = "Product"; Value = "Jacks"; VariantName = "[No Variations]"
Change component parameters (AddParameter): Name = "Product Category"; Value = "DCPowerConnectors"; VariantName = "[No Variations]"
Change component parameters (AddParameter): Name = "RoHS"; Value = "True"; VariantName = "[No Variations]"
Change component parameters (AddParameter): Name = "Termination Style"; Value = "ThroughHole"; VariantName = "[No Variations]"
Change component parameters (AddParameter): Name = "Voltage Rating"; Value = "24V"; VariantName = "[No Variations]"
Change component parameters: Designator = "J2" ("J2"); Footprint = "FP-TSW-110-08-G-D-MFG"; UniqueID = "\NSZEZBDK" ("\NSZEZBDK")
Change component parameters (AddParameter): Name = "Color"; Value = "Black"; VariantName = "[No Variations]"
Change component parameters (AddParameter): Name = "Connector Type"; Value = "Male Pin"; VariantName = "[No Variations]"
Change component parameters (AddParameter): Name = "Contact Material"; Value = "Bronze"; VariantName = "[No Variations]"
Change component parameters (AddParameter): Name = "Contact Mating Length"; Value = "0.126inch"; VariantName = "[No Variations]"
Change component parameters (AddParameter): Name = "Contact Plating"; Value = "Gold"; VariantName = "[No Variations]"
Change component parameters (AddParameter): Name = "Contact Type"; Value = "Male Pin"; VariantName = "[No Variations]"
Change component parameters (AddParameter): Name = "Current Rating"; Value = "3.9A"; VariantName = "[No Variations]"
Change component parameters (AddParameter): Name = "Depth"; Value = "1.97mm"; VariantName = "[No Variations]"
Change component parameters (AddParameter): Name = "Gender"; Value = "Male"; VariantName = "[No Variations]"
Change component parameters (AddParameter): Name = "Housing Color"; Value = "Black"; VariantName = "[No Variations]"
Change component parameters (AddParameter): Name = "Housing Material"; Value = "Polymer"; VariantName = "[No Variations]"
Change component parameters (AddParameter): Name = "Lead Pitch"; Value = "2mm"; VariantName = "[No Variations]"
Change component parameters (AddParameter): Name = "Length"; Value = "10mm"; VariantName = "[No Variations]"
Change component parameters (AddParameter): Name = "Max Current Rating"; Value = "3.9A"; VariantName = "[No Variations]"
Change component parameters (AddParameter): Name = "Max Operating Temperature"; Value = "125°C"; VariantName = "[No Variations]"
Change component parameters (AddParameter): Name = "Max Voltage Rating (AC)"; Value = "500V"; VariantName = "[No Variations]"
Change component parameters (AddParameter): Name = "Min Operating Temperature"; Value = "-55°C"; VariantName = "[No Variations]"
Change component parameters (AddParameter): Name = "Mount"; Value = "Through Hole"; VariantName = "[No Variations]"
Change component parameters (AddParameter): Name = "Number of Contacts"; Value = "5"; VariantName = "[No Variations]"
Change component parameters (AddParameter): Name = "Number of Positions"; Value = "5"; VariantName = "[No Variations]"
Change component parameters (AddParameter): Name = "Number of Rows"; Value = "1"; VariantName = "[No Variations]"
Change component parameters (AddParameter): Name = "Orientation"; Value = "Straight"; VariantName = "[No Variations]"
Change component parameters (AddParameter): Name = "Package Quantity"; Value = "1"; VariantName = "[No Variations]"
Change component parameters (AddParameter): Name = "Packaging"; Value = "Bulk"; VariantName = "[No Variations]"
Change component parameters (AddParameter): Name = "Pitch"; Value = "2mm"; VariantName = "[No Variations]"
Change component parameters (AddParameter): Name = "Radiation Hardening"; Value = "No"; VariantName = "[No Variations]"
Change component parameters (AddParameter): Name = "REACH SVHC"; Value = "No SVHC"; VariantName = "[No Variations]"
Change component parameters (AddParameter): Name = "RoHS Compliant"; Value = "Yes"; VariantName = "[No Variations]"
Change component parameters (AddParameter): Name = "Series"; Value = "FleXYZ™ TMM"; VariantName = "[No Variations]"
Change component parameters (AddParameter): Name = "Termination"; Value = "Solder"; VariantName = "[No Variations]"
Change component parameters (AddParameter): Name = "Voltage Rating"; Value = "500V"; VariantName = "[No Variations]"
Added Pin To Net: NetName=Vdd Pin=dsPIC30-11
Added Pin To Net: NetName=GND Pin=dsPIC30-12
Added Pin To Net: NetName=GND Pin=dsPIC30-20
Added Pin To Net: NetName=Vdd Pin=dsPIC30-21
Added Pin To Net: NetName=GND Pin=dsPIC30-31
Added Pin To Net: NetName=Vdd Pin=dsPIC30-32
Added Pin To Net: NetName=GND Pin=dsPIC30-39
Added Pin To Net: NetName=GND Pin=J1-2
Added Pin To Net: NetName=GND Pin=J1-3
Added Pin To Net: NetName=Vdd Pin=J2-1
Added Pin To Net: NetName=AVDD Pin=dsPIC30-40
Added Net: Name=AVDD
Added Pin To Net: NetName=MCLR Pin=dsPIC30-1
Added Pin To Net: NetName=MCLR Pin=J2-2
Added Net: Name=MCLR
Added Pin To Net: NetName=OSC1 Pin=dsPIC30-13
Added Net: Name=OSC1
Added Pin To Net: NetName=PGC Pin=dsPIC30-8
Added Pin To Net: NetName=PGC Pin=J2-3
Added Net: Name=PGC
Added Pin To Net: NetName=PGD Pin=dsPIC30-9
Added Pin To Net: NetName=PGD Pin=J2-4
Added Net: Name=PGD
Added Pin To Net: NetName=RA11 Pin=dsPIC30-17
Added Net: Name=RA11
Added Pin To Net: NetName=RB0 Pin=dsPIC30-2
Added Net: Name=RB0
Added Pin To Net: NetName=RB1 Pin=dsPIC30-3
Added Net: Name=RB1
Added Pin To Net: NetName=RB2 Pin=dsPIC30-4
Added Net: Name=RB2
Added Pin To Net: NetName=RB3 Pin=dsPIC30-5
Added Net: Name=RB3
Added Pin To Net: NetName=RB4 Pin=dsPIC30-6
Added Net: Name=RB4
Added Pin To Net: NetName=RB5 Pin=dsPIC30-7
Added Net: Name=RB5
Added Pin To Net: NetName=RB8 Pin=dsPIC30-10
Added Net: Name=RB8
Added Pin To Net: NetName=RB9 Pin=dsPIC30-38
Added Net: Name=RB9
Added Pin To Net: NetName=RB10 Pin=dsPIC30-37
Added Net: Name=RB10
Added Pin To Net: NetName=RB11 Pin=dsPIC30-36
Added Net: Name=RB11
Added Pin To Net: NetName=RB12 Pin=dsPIC30-35
Added Net: Name=RB12
Added Pin To Net: NetName=RC13 Pin=dsPIC30-15
Added Net: Name=RC13
Added Pin To Net: NetName=RC14 Pin=dsPIC30-16
Added Net: Name=RC14
Added Pin To Net: NetName=RC15 Pin=dsPIC30-14
Added Net: Name=RC15
Added Pin To Net: NetName=RD0 Pin=dsPIC30-34
Added Net: Name=RD0
Added Pin To Net: NetName=RD1 Pin=dsPIC30-33
Added Net: Name=RD1
Added Pin To Net: NetName=RD2 Pin=dsPIC30-22
Added Net: Name=RD2
Added Pin To Net: NetName=RD3 Pin=dsPIC30-19
Added Net: Name=RD3
Added Pin To Net: NetName=RD8 Pin=dsPIC30-23
Added Net: Name=RD8
Added Pin To Net: NetName=RD9 Pin=dsPIC30-18
Added Net: Name=RD9
Added Pin To Net: NetName=RF0 Pin=dsPIC30-30
Added Net: Name=RF0
Added Pin To Net: NetName=RF1 Pin=dsPIC30-29
Added Net: Name=RF1
Added Pin To Net: NetName=RF2 Pin=dsPIC30-26
Added Net: Name=RF2
Added Pin To Net: NetName=RF3 Pin=dsPIC30-25
Added Net: Name=RF3
Added Pin To Net: NetName=RF4 Pin=dsPIC30-28
Added Net: Name=RF4
Added Pin To Net: NetName=RF5 Pin=dsPIC30-27
Added Net: Name=RF5
Added Pin To Net: NetName=RF6 Pin=dsPIC30-24
Added Net: Name=RF6
Added Pin To Net: NetName=Vpwr Pin=ACorBatt-1
Added Pin To Net: NetName=Vpwr Pin=J1-1
Added Net: Name=Vpwr
Added Pin To Net: NetName=VSS Pin=J2-5
Added Net: Name=VSS
