Removed Pin From Net: NetName=RF5 Pin=BT-1
Removed Pin From Net: NetName=RF4 Pin=BT-2
Removed Pin From Net: NetName=GND Pin=BT-3
Removed Pin From Net: NetName=Vdd Pin=BT-4
Removed Pin From Net: NetName=Vdd Pin=HC-SR04-1-1
Removed Pin From Net: NetName=RB4 Pin=HC-SR04-1-2
Removed Pin From Net: NetName=GND Pin=HC-SR04-1-4
Removed Pin From Net: NetName=Vdd Pin=HC-SR04-2-1
Removed Pin From Net: NetName=PGC Pin=HC-SR04-2-2
Removed Pin From Net: NetName=GND Pin=HC-SR04-2-4
Removed Pin From Net: NetName=GND Pin=U1RT-1
Removed Pin From Net: NetName=RF3 Pin=U1RT-2
Removed Pin From Net: NetName=RF2 Pin=U1RT-3
Removed Pin From Net: NetName=Vdd Pin=U1RT-4
Removed Pin From Net: NetName=GND Pin=U2RT-1
Removed Pin From Net: NetName=RF5 Pin=U2RT-2
Removed Pin From Net: NetName=RF4 Pin=U2RT-3
Removed Pin From Net: NetName=Vdd Pin=U2RT-4
Change Component Footprint: Designator=BT Old Footprint=FP-SS-104-G-2-MFG New Footprint=FP-90156-0144-MFG
Change Component Footprint: Designator=HC-SR04-1 Old Footprint=FP-SS-104-G-2-MFG New Footprint=FP-90156-0144-MFG
Change Component Footprint: Designator=HC-SR04-2 Old Footprint=FP-SS-104-G-2-MFG New Footprint=FP-90156-0144-MFG
Change Component Footprint: Designator=U1RT Old Footprint=FP-SS-104-G-2-MFG New Footprint=FP-90156-0144-MFG
Change Component Footprint: Designator=U2RT Old Footprint=FP-SS-104-G-2-MFG New Footprint=FP-90156-0144-MFG
Change Component Comment : Designator=BT Old Comment=SS-104-G-2 New Comment=90156-0144
Change Component Comment : Designator=HC-SR04-1 Old Comment=SS-104-G-2 New Comment=90156-0144
Change Component Comment : Designator=HC-SR04-2 Old Comment=SS-104-G-2 New Comment=90156-0144
Change Component Comment : Designator=U1RT Old Comment=SS-104-G-2 New Comment=90156-0144
Change Component Comment : Designator=U2RT Old Comment=SS-104-G-2 New Comment=90156-0144
Change Managed Component Library Link : Designator=BT Old VaultGUID=B7D15EC3-160A-466F-A46C-7801FE6295A7 New VaultGUID=B7D15EC3-160A-466F-A46C-7801FE6295A7 Old ItemGUID=11890398-1F9C-4F3D-A214-8F07ED0A9097 New ItemGUID=5AD06B30-6790-4DE8-B1C2-BDBE97511251 Old RevisionGUID=C5B1932F-6E8B-4AA5-92A0-75D9E7D8FDAA New RevisionGUID=1E5AFE7F-FE2B-4E0A-AD55-5C37FA49255D
Change Managed Component Library Link : Designator=HC-SR04-1 Old VaultGUID=B7D15EC3-160A-466F-A46C-7801FE6295A7 New VaultGUID=B7D15EC3-160A-466F-A46C-7801FE6295A7 Old ItemGUID=11890398-1F9C-4F3D-A214-8F07ED0A9097 New ItemGUID=5AD06B30-6790-4DE8-B1C2-BDBE97511251 Old RevisionGUID=C5B1932F-6E8B-4AA5-92A0-75D9E7D8FDAA New RevisionGUID=1E5AFE7F-FE2B-4E0A-AD55-5C37FA49255D
Change Managed Component Library Link : Designator=HC-SR04-2 Old VaultGUID=B7D15EC3-160A-466F-A46C-7801FE6295A7 New VaultGUID=B7D15EC3-160A-466F-A46C-7801FE6295A7 Old ItemGUID=11890398-1F9C-4F3D-A214-8F07ED0A9097 New ItemGUID=5AD06B30-6790-4DE8-B1C2-BDBE97511251 Old RevisionGUID=C5B1932F-6E8B-4AA5-92A0-75D9E7D8FDAA New RevisionGUID=1E5AFE7F-FE2B-4E0A-AD55-5C37FA49255D
Change Managed Component Library Link : Designator=U1RT Old VaultGUID=B7D15EC3-160A-466F-A46C-7801FE6295A7 New VaultGUID=B7D15EC3-160A-466F-A46C-7801FE6295A7 Old ItemGUID=11890398-1F9C-4F3D-A214-8F07ED0A9097 New ItemGUID=5AD06B30-6790-4DE8-B1C2-BDBE97511251 Old RevisionGUID=C5B1932F-6E8B-4AA5-92A0-75D9E7D8FDAA New RevisionGUID=1E5AFE7F-FE2B-4E0A-AD55-5C37FA49255D
Change Managed Component Library Link : Designator=U2RT Old VaultGUID=B7D15EC3-160A-466F-A46C-7801FE6295A7 New VaultGUID=B7D15EC3-160A-466F-A46C-7801FE6295A7 Old ItemGUID=11890398-1F9C-4F3D-A214-8F07ED0A9097 New ItemGUID=5AD06B30-6790-4DE8-B1C2-BDBE97511251 Old RevisionGUID=C5B1932F-6E8B-4AA5-92A0-75D9E7D8FDAA New RevisionGUID=1E5AFE7F-FE2B-4E0A-AD55-5C37FA49255D
Change component parameters: Designator = "BT" ("BT"); Footprint = "FP-SS-104-G-2-MFG"; UniqueID = "\IJVPWYPX" ("\IJVPWYPX")
Change component parameters (AddParameter): Name = "Contact Gender"; Value = "Female"; VariantName = "[No Variations]"
Change component parameters (AddParameter): Name = "Contact Resistance"; Value = "20mR"; VariantName = "[No Variations]"
Change component parameters (AddParameter): Name = "Current Rating"; Value = "3A"; VariantName = "[No Variations]"
Change component parameters (AddParameter): Name = "Depth"; Value = "15.24mm"; VariantName = "[No Variations]"
Change component parameters (AddParameter): Name = "Gender"; Value = "Receptacle"; VariantName = "[No Variations]"
Change component parameters (AddParameter): Name = "Glow Wire Compliant"; Value = "Non-compliant"; VariantName = "[No Variations]"
Change component parameters (AddParameter): Name = "Halogen Free"; Value = "Low Halogen"; VariantName = "[No Variations]"
Change component parameters (AddParameter): Name = "Housing Color"; Value = "Black"; VariantName = "[No Variations]"
Change component parameters (AddParameter): Name = "Housing Material"; Value = "PPO"; VariantName = "[No Variations]"
Change component parameters (AddParameter): Name = "Insulation Resistance"; Value = "5GR"; VariantName = "[No Variations]"
Change component parameters (AddParameter): Name = "Lead Free"; Value = "Lead Free"; VariantName = "[No Variations]"
Change component parameters (AddParameter): Name = "Length"; Value = "11.22mm"; VariantName = "[No Variations]"
Change component parameters (AddParameter): Name = "Material"; Value = "Polyphenylene"; VariantName = "[No Variations]"
Change component parameters (AddParameter): Name = "Max Operating Temperature"; Value = "105°C"; VariantName = "[No Variations]"
Change component parameters (AddParameter): Name = "Min Operating Temperature"; Value = "-55°C"; VariantName = "[No Variations]"
Change component parameters (AddParameter): Name = "Mount"; Value = "Cable"; VariantName = "[No Variations]"
Change component parameters (AddParameter): Name = "Number of Contacts"; Value = "4"; VariantName = "[No Variations]"
Change component parameters (AddParameter): Name = "Number of Positions"; Value = "4"; VariantName = "[No Variations]"
Change component parameters (AddParameter): Name = "Number of Rows"; Value = "1"; VariantName = "[No Variations]"
Change component parameters (AddParameter): Name = "Orientation"; Value = "Straight"; VariantName = "[No Variations]"
Change component parameters (AddParameter): Name = "Package Quantity"; Value = "5000"; VariantName = "[No Variations]"
Change component parameters (AddParameter): Name = "Packaging"; Value = "Bulk"; VariantName = "[No Variations]"
Change component parameters (AddParameter): Name = "Pitch"; Value = "2.54mm"; VariantName = "[No Variations]"
Change component parameters (AddParameter): Name = "Radiation Hardening"; Value = "No"; VariantName = "[No Variations]"
Change component parameters (AddParameter): Name = "Series"; Value = "90156"; VariantName = "[No Variations]"
Change component parameters (AddParameter): Name = "Termination"; Value = "Crimp"; VariantName = "[No Variations]"
Change component parameters (AddParameter): Name = "Voltage Rating (AC)"; Value = "350V"; VariantName = "[No Variations]"
Change component parameters (AddParameter): Name = "Width"; Value = "5.35mm"; VariantName = "[No Variations]"
Change component parameters: Designator = "HC-SR04-1" ("HC-SR04-1"); Footprint = "FP-SS-104-G-2-MFG"; UniqueID = "\YXQOCOCA" ("\YXQOCOCA")
Change component parameters (AddParameter): Name = "Contact Gender"; Value = "Female"; VariantName = "[No Variations]"
Change component parameters (AddParameter): Name = "Contact Resistance"; Value = "20mR"; VariantName = "[No Variations]"
Change component parameters (AddParameter): Name = "Current Rating"; Value = "3A"; VariantName = "[No Variations]"
Change component parameters (AddParameter): Name = "Depth"; Value = "15.24mm"; VariantName = "[No Variations]"
Change component parameters (AddParameter): Name = "Gender"; Value = "Receptacle"; VariantName = "[No Variations]"
Change component parameters (AddParameter): Name = "Glow Wire Compliant"; Value = "Non-compliant"; VariantName = "[No Variations]"
Change component parameters (AddParameter): Name = "Halogen Free"; Value = "Low Halogen"; VariantName = "[No Variations]"
Change component parameters (AddParameter): Name = "Housing Color"; Value = "Black"; VariantName = "[No Variations]"
Change component parameters (AddParameter): Name = "Housing Material"; Value = "PPO"; VariantName = "[No Variations]"
Change component parameters (AddParameter): Name = "Insulation Resistance"; Value = "5GR"; VariantName = "[No Variations]"
Change component parameters (AddParameter): Name = "Lead Free"; Value = "Lead Free"; VariantName = "[No Variations]"
Change component parameters (AddParameter): Name = "Length"; Value = "11.22mm"; VariantName = "[No Variations]"
Change component parameters (AddParameter): Name = "Material"; Value = "Polyphenylene"; VariantName = "[No Variations]"
Change component parameters (AddParameter): Name = "Max Operating Temperature"; Value = "105°C"; VariantName = "[No Variations]"
Change component parameters (AddParameter): Name = "Min Operating Temperature"; Value = "-55°C"; VariantName = "[No Variations]"
Change component parameters (AddParameter): Name = "Mount"; Value = "Cable"; VariantName = "[No Variations]"
Change component parameters (AddParameter): Name = "Number of Contacts"; Value = "4"; VariantName = "[No Variations]"
Change component parameters (AddParameter): Name = "Number of Positions"; Value = "4"; VariantName = "[No Variations]"
Change component parameters (AddParameter): Name = "Number of Rows"; Value = "1"; VariantName = "[No Variations]"
Change component parameters (AddParameter): Name = "Orientation"; Value = "Straight"; VariantName = "[No Variations]"
Change component parameters (AddParameter): Name = "Package Quantity"; Value = "5000"; VariantName = "[No Variations]"
Change component parameters (AddParameter): Name = "Packaging"; Value = "Bulk"; VariantName = "[No Variations]"
Change component parameters (AddParameter): Name = "Pitch"; Value = "2.54mm"; VariantName = "[No Variations]"
Change component parameters (AddParameter): Name = "Radiation Hardening"; Value = "No"; VariantName = "[No Variations]"
Change component parameters (AddParameter): Name = "Series"; Value = "90156"; VariantName = "[No Variations]"
Change component parameters (AddParameter): Name = "Termination"; Value = "Crimp"; VariantName = "[No Variations]"
Change component parameters (AddParameter): Name = "Voltage Rating (AC)"; Value = "350V"; VariantName = "[No Variations]"
Change component parameters (AddParameter): Name = "Width"; Value = "5.35mm"; VariantName = "[No Variations]"
Change component parameters: Designator = "HC-SR04-2" ("HC-SR04-2"); Footprint = "FP-SS-104-G-2-MFG"; UniqueID = "\VDQCCXYD" ("\VDQCCXYD")
Change component parameters (AddParameter): Name = "Contact Gender"; Value = "Female"; VariantName = "[No Variations]"
Change component parameters (AddParameter): Name = "Contact Resistance"; Value = "20mR"; VariantName = "[No Variations]"
Change component parameters (AddParameter): Name = "Current Rating"; Value = "3A"; VariantName = "[No Variations]"
Change component parameters (AddParameter): Name = "Depth"; Value = "15.24mm"; VariantName = "[No Variations]"
Change component parameters (AddParameter): Name = "Gender"; Value = "Receptacle"; VariantName = "[No Variations]"
Change component parameters (AddParameter): Name = "Glow Wire Compliant"; Value = "Non-compliant"; VariantName = "[No Variations]"
Change component parameters (AddParameter): Name = "Halogen Free"; Value = "Low Halogen"; VariantName = "[No Variations]"
Change component parameters (AddParameter): Name = "Housing Color"; Value = "Black"; VariantName = "[No Variations]"
Change component parameters (AddParameter): Name = "Housing Material"; Value = "PPO"; VariantName = "[No Variations]"
Change component parameters (AddParameter): Name = "Insulation Resistance"; Value = "5GR"; VariantName = "[No Variations]"
Change component parameters (AddParameter): Name = "Lead Free"; Value = "Lead Free"; VariantName = "[No Variations]"
Change component parameters (AddParameter): Name = "Length"; Value = "11.22mm"; VariantName = "[No Variations]"
Change component parameters (AddParameter): Name = "Material"; Value = "Polyphenylene"; VariantName = "[No Variations]"
Change component parameters (AddParameter): Name = "Max Operating Temperature"; Value = "105°C"; VariantName = "[No Variations]"
Change component parameters (AddParameter): Name = "Min Operating Temperature"; Value = "-55°C"; VariantName = "[No Variations]"
Change component parameters (AddParameter): Name = "Mount"; Value = "Cable"; VariantName = "[No Variations]"
Change component parameters (AddParameter): Name = "Number of Contacts"; Value = "4"; VariantName = "[No Variations]"
Change component parameters (AddParameter): Name = "Number of Positions"; Value = "4"; VariantName = "[No Variations]"
Change component parameters (AddParameter): Name = "Number of Rows"; Value = "1"; VariantName = "[No Variations]"
Change component parameters (AddParameter): Name = "Orientation"; Value = "Straight"; VariantName = "[No Variations]"
Change component parameters (AddParameter): Name = "Package Quantity"; Value = "5000"; VariantName = "[No Variations]"
Change component parameters (AddParameter): Name = "Packaging"; Value = "Bulk"; VariantName = "[No Variations]"
Change component parameters (AddParameter): Name = "Pitch"; Value = "2.54mm"; VariantName = "[No Variations]"
Change component parameters (AddParameter): Name = "Radiation Hardening"; Value = "No"; VariantName = "[No Variations]"
Change component parameters (AddParameter): Name = "Series"; Value = "90156"; VariantName = "[No Variations]"
Change component parameters (AddParameter): Name = "Termination"; Value = "Crimp"; VariantName = "[No Variations]"
Change component parameters (AddParameter): Name = "Voltage Rating (AC)"; Value = "350V"; VariantName = "[No Variations]"
Change component parameters (AddParameter): Name = "Width"; Value = "5.35mm"; VariantName = "[No Variations]"
Change component parameters: Designator = "U1RT" ("U1RT"); Footprint = "FP-SS-104-G-2-MFG"; UniqueID = "\DMVQCUHK" ("\DMVQCUHK")
Change component parameters (AddParameter): Name = "Contact Gender"; Value = "Female"; VariantName = "[No Variations]"
Change component parameters (AddParameter): Name = "Contact Resistance"; Value = "20mR"; VariantName = "[No Variations]"
Change component parameters (AddParameter): Name = "Current Rating"; Value = "3A"; VariantName = "[No Variations]"
Change component parameters (AddParameter): Name = "Depth"; Value = "15.24mm"; VariantName = "[No Variations]"
Change component parameters (AddParameter): Name = "Gender"; Value = "Receptacle"; VariantName = "[No Variations]"
Change component parameters (AddParameter): Name = "Glow Wire Compliant"; Value = "Non-compliant"; VariantName = "[No Variations]"
Change component parameters (AddParameter): Name = "Halogen Free"; Value = "Low Halogen"; VariantName = "[No Variations]"
Change component parameters (AddParameter): Name = "Housing Color"; Value = "Black"; VariantName = "[No Variations]"
Change component parameters (AddParameter): Name = "Housing Material"; Value = "PPO"; VariantName = "[No Variations]"
Change component parameters (AddParameter): Name = "Insulation Resistance"; Value = "5GR"; VariantName = "[No Variations]"
Change component parameters (AddParameter): Name = "Lead Free"; Value = "Lead Free"; VariantName = "[No Variations]"
Change component parameters (AddParameter): Name = "Length"; Value = "11.22mm"; VariantName = "[No Variations]"
Change component parameters (AddParameter): Name = "Material"; Value = "Polyphenylene"; VariantName = "[No Variations]"
Change component parameters (AddParameter): Name = "Max Operating Temperature"; Value = "105°C"; VariantName = "[No Variations]"
Change component parameters (AddParameter): Name = "Min Operating Temperature"; Value = "-55°C"; VariantName = "[No Variations]"
Change component parameters (AddParameter): Name = "Mount"; Value = "Cable"; VariantName = "[No Variations]"
Change component parameters (AddParameter): Name = "Number of Contacts"; Value = "4"; VariantName = "[No Variations]"
Change component parameters (AddParameter): Name = "Number of Positions"; Value = "4"; VariantName = "[No Variations]"
Change component parameters (AddParameter): Name = "Number of Rows"; Value = "1"; VariantName = "[No Variations]"
Change component parameters (AddParameter): Name = "Orientation"; Value = "Straight"; VariantName = "[No Variations]"
Change component parameters (AddParameter): Name = "Package Quantity"; Value = "5000"; VariantName = "[No Variations]"
Change component parameters (AddParameter): Name = "Packaging"; Value = "Bulk"; VariantName = "[No Variations]"
Change component parameters (AddParameter): Name = "Pitch"; Value = "2.54mm"; VariantName = "[No Variations]"
Change component parameters (AddParameter): Name = "Radiation Hardening"; Value = "No"; VariantName = "[No Variations]"
Change component parameters (AddParameter): Name = "Series"; Value = "90156"; VariantName = "[No Variations]"
Change component parameters (AddParameter): Name = "Termination"; Value = "Crimp"; VariantName = "[No Variations]"
Change component parameters (AddParameter): Name = "Voltage Rating (AC)"; Value = "350V"; VariantName = "[No Variations]"
Change component parameters (AddParameter): Name = "Width"; Value = "5.35mm"; VariantName = "[No Variations]"
Change component parameters: Designator = "U2RT" ("U2RT"); Footprint = "FP-SS-104-G-2-MFG"; UniqueID = "\UFKEIDYZ" ("\UFKEIDYZ")
Change component parameters (AddParameter): Name = "Contact Gender"; Value = "Female"; VariantName = "[No Variations]"
Change component parameters (AddParameter): Name = "Contact Resistance"; Value = "20mR"; VariantName = "[No Variations]"
Change component parameters (AddParameter): Name = "Current Rating"; Value = "3A"; VariantName = "[No Variations]"
Change component parameters (AddParameter): Name = "Depth"; Value = "15.24mm"; VariantName = "[No Variations]"
Change component parameters (AddParameter): Name = "Gender"; Value = "Receptacle"; VariantName = "[No Variations]"
Change component parameters (AddParameter): Name = "Glow Wire Compliant"; Value = "Non-compliant"; VariantName = "[No Variations]"
Change component parameters (AddParameter): Name = "Halogen Free"; Value = "Low Halogen"; VariantName = "[No Variations]"
Change component parameters (AddParameter): Name = "Housing Color"; Value = "Black"; VariantName = "[No Variations]"
Change component parameters (AddParameter): Name = "Housing Material"; Value = "PPO"; VariantName = "[No Variations]"
Change component parameters (AddParameter): Name = "Insulation Resistance"; Value = "5GR"; VariantName = "[No Variations]"
Change component parameters (AddParameter): Name = "Lead Free"; Value = "Lead Free"; VariantName = "[No Variations]"
Change component parameters (AddParameter): Name = "Length"; Value = "11.22mm"; VariantName = "[No Variations]"
Change component parameters (AddParameter): Name = "Material"; Value = "Polyphenylene"; VariantName = "[No Variations]"
Change component parameters (AddParameter): Name = "Max Operating Temperature"; Value = "105°C"; VariantName = "[No Variations]"
Change component parameters (AddParameter): Name = "Min Operating Temperature"; Value = "-55°C"; VariantName = "[No Variations]"
Change component parameters (AddParameter): Name = "Mount"; Value = "Cable"; VariantName = "[No Variations]"
Change component parameters (AddParameter): Name = "Number of Contacts"; Value = "4"; VariantName = "[No Variations]"
Change component parameters (AddParameter): Name = "Number of Positions"; Value = "4"; VariantName = "[No Variations]"
Change component parameters (AddParameter): Name = "Number of Rows"; Value = "1"; VariantName = "[No Variations]"
Change component parameters (AddParameter): Name = "Orientation"; Value = "Straight"; VariantName = "[No Variations]"
Change component parameters (AddParameter): Name = "Package Quantity"; Value = "5000"; VariantName = "[No Variations]"
Change component parameters (AddParameter): Name = "Packaging"; Value = "Bulk"; VariantName = "[No Variations]"
Change component parameters (AddParameter): Name = "Pitch"; Value = "2.54mm"; VariantName = "[No Variations]"
Change component parameters (AddParameter): Name = "Radiation Hardening"; Value = "No"; VariantName = "[No Variations]"
Change component parameters (AddParameter): Name = "Series"; Value = "90156"; VariantName = "[No Variations]"
Change component parameters (AddParameter): Name = "Termination"; Value = "Crimp"; VariantName = "[No Variations]"
Change component parameters (AddParameter): Name = "Voltage Rating (AC)"; Value = "350V"; VariantName = "[No Variations]"
Change component parameters (AddParameter): Name = "Width"; Value = "5.35mm"; VariantName = "[No Variations]"
