Added Component: Designator=ACin(PHOE-1729128-2_V)
Added Component: Designator=Battery(HDR1X2)
Add component (AddParameter): Name = "LatestRevisionDate"; Value = "17-Jul-2002"; VariantName = "[No Variations]"
Add component (AddParameter): Name = "LatestRevisionNote"; Value = "Re-released for DXP Platform."; VariantName = "[No Variations]"
Add component (AddParameter): Name = "Publisher"; Value = "Altium Limited"; VariantName = "[No Variations]"
Add Pin To Net: Unknown Pin: Pin 4-1
Add Pin To Net: Unknown Pin: Pin 4-2
Add Pin To Net: Unknown Pin: Pin ACin-1
Add Pin To Net: Unknown Pin: Pin ACin-2
Added Pin To Net: NetName=Vbat Pin=Battery-1
Added Pin To Net: NetName=GND Pin=Battery-2
Add Pin To Net: Unknown Pin: Pin C1-1
Add Pin To Net: Unknown Pin: Pin C1-2
Add Pin To Net: Unknown Pin: Pin C2-1
Add Pin To Net: Unknown Pin: Pin C2-2
Add Pin To Net: Unknown Pin: Pin C3-1
Add Pin To Net: Unknown Pin: Pin C3-2
Add Class Member: Failed to add class member : Component 4 Capacitor
Add Class Member: Failed to add class member : Component ACin 1729128
Added Member To Class: ClassName=Sheet1 Member=Component Battery Header 2
Add Class Member: Failed to add class member : Component C1 Capacitor
Add Class Member: Failed to add class member : Component C2 Capacitor
Add Class Member: Failed to add class member : Component C3 Capacitor
