Removed Pin From Net: NetName=Vdd Pin=J2-1
Removed Pin From Net: NetName=MCLR Pin=J2-2
Removed Pin From Net: NetName=PGC Pin=J2-3
Removed Pin From Net: NetName=PGD Pin=J2-4
Removed Pin From Net: NetName=GND Pin=J2-5
Removed Member From Class: ClassName=Sheet1 Member=J2
Added Component: Designator=dsPicProg(HDR1X3)
Add component (AddParameter): Name = "LatestRevisionDate"; Value = "17-Jul-2002"; VariantName = "[No Variations]"
Add component (AddParameter): Name = "LatestRevisionNote"; Value = "Re-released for DXP Platform."; VariantName = "[No Variations]"
Add component (AddParameter): Name = "Publisher"; Value = "Altium Limited"; VariantName = "[No Variations]"
Added Component: Designator=Power(HDR1X2)
Add component (AddParameter): Name = "LatestRevisionDate"; Value = "17-Jul-2002"; VariantName = "[No Variations]"
Add component (AddParameter): Name = "LatestRevisionNote"; Value = "Re-released for DXP Platform."; VariantName = "[No Variations]"
Add component (AddParameter): Name = "Publisher"; Value = "Altium Limited"; VariantName = "[No Variations]"
Added Pin To Net: NetName=MCLR Pin=dsPicProg-1
Added Pin To Net: NetName=PGC Pin=dsPicProg-2
Added Pin To Net: NetName=PGD Pin=dsPicProg-3
Added Pin To Net: NetName=Vdd Pin=Power-1
Added Pin To Net: NetName=GND Pin=Power-2
Added Member To Class: ClassName=Sheet1 Member=Component dsPicProg Header 3
Added Member To Class: ClassName=Sheet1 Member=Component Power Header 2
