Removed Pin From Net: NetName=RB2 Pin=HC-SR04-1-2
Removed Pin From Net: NetName=RB3 Pin=HC-SR04-1-3
Removed Pin From Net: NetName=RB4 Pin=HC-SR04-2-2
Removed Pin From Net: NetName=RB5 Pin=HC-SR04-2-3
Added Component: Designator=R10(RESC3216X70X50NL05T20)
Add component (AddParameter): Name = "Manufacturer"; Value = "Panasonic"; VariantName = "[No Variations]"
Add component (AddParameter): Name = "Part Number"; Value = "ERJ8ENF2200V"; VariantName = "[No Variations]"
Added Component: Designator=R11(RESC3216X70X50NL05T20)
Add component (AddParameter): Name = "Manufacturer"; Value = "Panasonic"; VariantName = "[No Variations]"
Add component (AddParameter): Name = "Part Number"; Value = "ERJ8ENF2200V"; VariantName = "[No Variations]"
Added Pin To Net: NetName=RB4 Pin=HC-SR04-1-2
Added Pin To Net: NetName=PGC Pin=HC-SR04-2-2
Added Pin To Net: NetName=PGD Pin=R10-1
Added Pin To Net: NetName=RB5 Pin=R11-1
Added Pin To Net: NetName=NetHC-SR04-1_3 Pin=HC-SR04-1-3
Added Pin To Net: NetName=NetHC-SR04-1_3 Pin=R11-2
Added Net: Name=NetHC-SR04-1_3
Added Pin To Net: NetName=NetHC-SR04-2_3 Pin=HC-SR04-2-3
Added Pin To Net: NetName=NetHC-SR04-2_3 Pin=R10-2
Added Net: Name=NetHC-SR04-2_3
Added Member To Class: ClassName=Sheet1 Member=Component R10 ERJ8ENF2200V
Added Member To Class: ClassName=Sheet1 Member=Component R11 ERJ8ENF2200V
