Added Component: Designator=C10(FP-CC1206-1_25-MFG)
Add component (AddParameter): Name = "Automotive"; Value = "No"; VariantName = "[No Variations]"
Add component (AddParameter): Name = "Automotive Grade"; Value = "NA"; VariantName = "[No Variations]"
Add component (AddParameter): Name = "Capacitance"; Value = "100 nF"; VariantName = "[No Variations]"
Add component (AddParameter): Name = "Category"; Value = "Cap"; VariantName = "[No Variations]"
Add component (AddParameter): Name = "ComponentLink2Description"; Value = "Datasheet"; VariantName = "[No Variations]"
Add component (AddParameter): Name = "ComponentLink2URL"; Value = "http://www.yageo.com/documents/recent/UPY-NP0X7R_HV_1KV-to-3KV_11.pdf"; VariantName = "[No Variations]"
Add component (AddParameter): Name = "Device Class L1"; Value = "Passive Components"; VariantName = "[No Variations]"
Add component (AddParameter): Name = "Device Class L2"; Value = "Capacitors"; VariantName = "[No Variations]"
Add component (AddParameter): Name = "Device Class L3"; Value = "Ceramic Capacitors"; VariantName = "[No Variations]"
Add component (AddParameter): Name = "Digikey Description"; Value = "CAP CER 0.1UF 50V X7R 1206"; VariantName = "[No Variations]"
Add component (AddParameter): Name = "Footprint Url"; Value = "http://www.yageo.com/exep/pages/download/literatures/UPY-C_GEN_24.pdf"; VariantName = "[No Variations]"
Add component (AddParameter): Name = "Height"; Value = "1.45mm"; VariantName = "[No Variations]"
Add component (AddParameter): Name = "Lead Free"; Value = "Yes"; VariantName = "[No Variations]"
Add component (AddParameter): Name = "Manufacturer"; Value = "Yageo"; VariantName = "[No Variations]"
Add component (AddParameter): Name = "Manufacturer Part Number"; Value = "CC1206KRX7R9BB104"; VariantName = "[No Variations]"
Add component (AddParameter): Name = "Material"; Value = "Ceramic"; VariantName = "[No Variations]"
Add component (AddParameter): Name = "Mouser Description"; Value = "Multilayer Ceramic Capacitors MLCC - SMD/SMT 100nF 50V X7R 10%"; VariantName = "[No Variations]"
Add component (AddParameter): Name = "Octopart"; Value = "https://octopart.com/cc1206krx7r9bb104-yageo-39467816"; VariantName = "[No Variations]"
Add component (AddParameter): Name = "Package"; Value = "CC1206-1.25"; VariantName = "[No Variations]"
Add component (AddParameter): Name = "RoHS"; Value = "TRUE"; VariantName = "[No Variations]"
Add component (AddParameter): Name = "Temperature"; Value = "-55°C to +125°C"; VariantName = "[No Variations]"
Add component (AddParameter): Name = "Temperature Characteristic"; Value = "X7R"; VariantName = "[No Variations]"
Add component (AddParameter): Name = "Temperature Coefficient"; Value = "15%"; VariantName = "[No Variations]"
Add component (AddParameter): Name = "Temperature Range High"; Value = "+125°C"; VariantName = "[No Variations]"
Add component (AddParameter): Name = "Temperature Range Low"; Value = "-55°C"; VariantName = "[No Variations]"
Add component (AddParameter): Name = "Tolerance"; Value = "0.1"; VariantName = "[No Variations]"
Add component (AddParameter): Name = "Value"; Value = "100 nF"; VariantName = "[No Variations]"
Add component (AddParameter): Name = "Voltage Rating"; Value = "50 V"; VariantName = "[No Variations]"
Added Component: Designator=K1(PNSC-EVQQ2_V)
Add component (AddParameter): Name = "Actuation Type"; Value = "Top"; VariantName = "[No Variations]"
Add component (AddParameter): Name = "Actuator / Cap Colour"; Value = "White"; VariantName = "[No Variations]"
Add component (AddParameter): Name = "Body Depth"; Value = "6mm"; VariantName = "[No Variations]"
Add component (AddParameter): Name = "Body Width"; Value = "6.5mm"; VariantName = "[No Variations]"
Add component (AddParameter): Name = "Contact Configuration"; Value = "SPST-NO"; VariantName = "[No Variations]"
Add component (AddParameter): Name = "Contact Current DC Max"; Value = "20mA"; VariantName = "[No Variations]"
Add component (AddParameter): Name = "Contact Current Max"; Value = "20mA"; VariantName = "[No Variations]"
Add component (AddParameter): Name = "Contact Current Rating"; Value = "20mA"; VariantName = "[No Variations]"
Add component (AddParameter): Name = "Contact Resistance Max"; Value = "100mohm"; VariantName = "[No Variations]"
Add component (AddParameter): Name = "Contact Voltage AC Max"; Value = "250V"; VariantName = "[No Variations]"
Add component (AddParameter): Name = "Contact Voltage DC Max"; Value = "15V"; VariantName = "[No Variations]"
Add component (AddParameter): Name = "Contact Voltage DC Nom"; Value = "15V"; VariantName = "[No Variations]"
Add component (AddParameter): Name = "Datasheet URL"; Value = "http://download.siliconexpert.com/pdfs/2014/10/4/5/54/9/232/pns_/manual/8atk0000ce28.pdf"; VariantName = "[No Variations]"
Add component (AddParameter): Name = "Datasheet Version"; Value = "09/2014"; VariantName = "[No Variations]"
Add component (AddParameter): Name = "Dielectric Strength VAC"; Value = "250V"; VariantName = "[No Variations]"
Add component (AddParameter): Name = "External Depth"; Value = "1.8mm"; VariantName = "[No Variations]"
Add component (AddParameter): Name = "External Length / Height"; Value = "3.1mm"; VariantName = "[No Variations]"
Add component (AddParameter): Name = "External Width"; Value = "6.5mm"; VariantName = "[No Variations]"
Add component (AddParameter): Name = "Height"; Value = "3.1mm"; VariantName = "[No Variations]"
Add component (AddParameter): Name = "Manufacturer"; Value = "Panasonic"; VariantName = "[No Variations]"
Add component (AddParameter): Name = "Manufacturer URL"; Value = "http://www.panasonic.com/"; VariantName = "[No Variations]"
Add component (AddParameter): Name = "Mounting Technology"; Value = "SurfaceMount"; VariantName = "[No Variations]"
Add component (AddParameter): Name = "No. of Mechanical Operations"; Value = "100000"; VariantName = "[No Variations]"
Add component (AddParameter): Name = "No. of Poles"; Value = "1"; VariantName = "[No Variations]"
Add component (AddParameter): Name = "No. of Ways"; Value = "1"; VariantName = "[No Variations]"
Add component (AddParameter): Name = "Operating Force"; Value = "3.5N"; VariantName = "[No Variations]"
Add component (AddParameter): Name = "Operating Force Min"; Value = "3.5N"; VariantName = "[No Variations]"
Add component (AddParameter): Name = "Operating Temperature Max"; Value = "85°C"; VariantName = "[No Variations]"
Add component (AddParameter): Name = "Operating Temperature Min"; Value = "-40°C"; VariantName = "[No Variations]"
Add component (AddParameter): Name = "Package Description"; Value = "4-Pin Surface Mount Device, Body 6.5 x 6 mm"; VariantName = "[No Variations]"
Add component (AddParameter): Name = "Package Reference"; Value = "EVQQ2"; VariantName = "[No Variations]"
Add component (AddParameter): Name = "Series"; Value = "EVQQ2"; VariantName = "[No Variations]"
Add component (AddParameter): Name = "SVHC"; Value = "NoSVHC(16-Dec-2013)"; VariantName = "[No Variations]"
Add component (AddParameter): Name = "Switch Operation"; Value = "Off-On"; VariantName = "[No Variations]"
Add component (AddParameter): Name = "Switch Terminals"; Value = "Solder"; VariantName = "[No Variations]"
Add component (AddParameter): Name = "Terminal Type"; Value = "SMD"; VariantName = "[No Variations]"
Added Component: Designator=R6(RESC3216X70X50NL05T20)
Add component (AddParameter): Name = "Manufacturer"; Value = "Panasonic"; VariantName = "[No Variations]"
Add component (AddParameter): Name = "Part Number"; Value = "ERJ8ENF2200V"; VariantName = "[No Variations]"
Add component (AddParameter): Name = "Value"; Value = "10k"; VariantName = "[No Variations]"
Added Pin To Net: NetName=MCLR Pin=C10-1
Added Pin To Net: NetName=GND Pin=C10-2
Added Pin To Net: NetName=GND Pin=K1-2
Added Pin To Net: NetName=MCLR Pin=K1-3
Added Pin To Net: NetName=MCLR Pin=R6-1
Added Pin To Net: NetName=Vdd Pin=R6-2
Added Member To Class: ClassName=Sheet1 Member=Component C10 CC1206KRX7R9BB104
Added Member To Class: ClassName=Sheet1 Member=Component K1 EVQ-Q2Y03W
Added Member To Class: ClassName=Sheet1 Member=Component R6 10k
