Replace Part Battery Header 2 in C:\Users\PC\Desktop\Light-Follower\Sheet1.SchDoc with Header 2 from Miscellaneous Connectors.IntLib
Update Managed Component BT From CMP-02766-001709-1[SS-104-G-2] To CMP-02766-001709-1[SS-104-G-2] in Sheet1.SchDoc
Update Managed Component C1 From CMP-03422-000842-1[CC1206KRX7R9BB104] To CMP-03422-000842-1[CC1206KRX7R9BB104] in Sheet1.SchDoc
Update Managed Component C2 From CMP-03422-000842-1[CC1206KRX7R9BB104] To CMP-03422-000842-1[CC1206KRX7R9BB104] in Sheet1.SchDoc
Update Managed Component C3 From CMP-05427-000040-1[EEEFT1E471AP] To CMP-05427-000040-1[EEEFT1E471AP] in Sheet1.SchDoc
Update Managed Component C4 From CMP-05427-000040-1[EEEFT1E471AP] To CMP-05427-000040-1[EEEFT1E471AP] in Sheet1.SchDoc
Update Managed Component C5 From CMP-2000-05018-2[12065C104KAT2A] To CMP-2000-05018-2[12065C104KAT2A] in Sheet1.SchDoc
Update Managed Component C6 From CMP-2000-05018-2[12065C104KAT2A] To CMP-2000-05018-2[12065C104KAT2A] in Sheet1.SchDoc
Update Managed Component C7 From CMP-2000-05018-2[12065C104KAT2A] To CMP-2000-05018-2[12065C104KAT2A] in Sheet1.SchDoc
Update Managed Component C8 From CMP-2000-05018-2[12065C104KAT2A] To CMP-2000-05018-2[12065C104KAT2A] in Sheet1.SchDoc
Update Managed Component C9 From CMP-2000-05018-2[12065C104KAT2A] To CMP-2000-05018-2[12065C104KAT2A] in Sheet1.SchDoc
Update Managed Component C10 From CMP-03422-000842-1[CC1206KRX7R9BB104] To CMP-03422-000842-1[CC1206KRX7R9BB104] in Sheet1.SchDoc
Update Managed Component C11 From CMP-03422-000842-1[CC1206KRX7R9BB104] To CMP-03422-000842-1[CC1206KRX7R9BB104] in Sheet1.SchDoc
Update Managed Component C12 From CMP-03422-000842-1[CC1206KRX7R9BB104] To CMP-03422-000842-1[CC1206KRX7R9BB104] in Sheet1.SchDoc
Update Managed Component D1 From CMP-2000-04932-2[1N4148W-7-F] To CMP-2000-04932-2[1N4148W-7-F] in Sheet1.SchDoc
Update Managed Component D2 From CMP-2000-04932-2[1N4148W-7-F] To CMP-2000-04932-2[1N4148W-7-F] in Sheet1.SchDoc
Update Managed Component D3 From CMP-2000-04932-2[1N4148W-7-F] To CMP-2000-04932-2[1N4148W-7-F] in Sheet1.SchDoc
Update Managed Component D4 From CMP-2000-04932-2[1N4148W-7-F] To CMP-2000-04932-2[1N4148W-7-F] in Sheet1.SchDoc
Update Managed Component D5 From CMP-2000-04932-2[1N4148W-7-F] To CMP-2000-04932-2[1N4148W-7-F] in Sheet1.SchDoc
Update Managed Component D6 From CMP-2000-04932-2[1N4148W-7-F] To CMP-2000-04932-2[1N4148W-7-F] in Sheet1.SchDoc
Update Managed Component D7 From CMP-2000-04932-2[1N4148W-7-F] To CMP-2000-04932-2[1N4148W-7-F] in Sheet1.SchDoc
Update Managed Component D8 From CMP-2000-04932-2[1N4148W-7-F] To CMP-2000-04932-2[1N4148W-7-F] in Sheet1.SchDoc
Update Managed Component Driver From CMP-2000-06526-1[L298N] To CMP-2000-06526-1[L298N] in Sheet1.SchDoc
Replace Part dsPIC30 DSPIC30F4013-20EP in C:\Users\PC\Desktop\Light-Follower\Sheet1.SchDoc with DSPIC30F4013-20EP from DSPIC30F4013-20EP.SchLib
Update Managed Component GLed From CMP-1674-00014-1[LTL-1CHG] To CMP-1674-00014-1[LTL-1CHG] in Sheet1.SchDoc
Update Managed Component GLed2 From CMP-1674-00014-1[LTL-1CHG] To CMP-1674-00014-1[LTL-1CHG] in Sheet1.SchDoc
Update Managed Component HC-SR04-1 From CMP-02766-001709-1[SS-104-G-2] To CMP-02766-001709-1[SS-104-G-2] in Sheet1.SchDoc
Update Managed Component HC-SR04-2 From CMP-02766-001709-1[SS-104-G-2] To CMP-02766-001709-1[SS-104-G-2] in Sheet1.SchDoc
Update Managed Component J1 From CMP-2000-06895-2[PJ-002A] To CMP-2000-06895-2[PJ-002A] in Sheet1.SchDoc
Update Managed Component J2 From CMP-02766-001588-1[dsPicProgPins] To CMP-02766-001588-1[TMM-105-01-G-S] in Sheet1.SchDoc
Update Managed Component JL From CMP-1502-02464-2[691214110002] To CMP-1502-02464-2[691214110002] in Sheet1.SchDoc
Update Managed Component JR From CMP-1502-02464-2[691214110002] To CMP-1502-02464-2[691214110002] in Sheet1.SchDoc
Update Managed Component K1 From CMP-2000-06232-1[EVQ-Q2Y03W] To CMP-2000-06232-1[EVQ-Q2Y03W] in Sheet1.SchDoc
Replace Part Photo Sens 1 Header 2 in C:\Users\PC\Desktop\Light-Follower\Sheet1.SchDoc with Header 2 from Miscellaneous Connectors.IntLib
Replace Part Photo Sens 2 Header 2 in C:\Users\PC\Desktop\Light-Follower\Sheet1.SchDoc with Header 2 from Miscellaneous Connectors.IntLib
Replace Part Photo Sens 3 Header 2 in C:\Users\PC\Desktop\Light-Follower\Sheet1.SchDoc with Header 2 from Miscellaneous Connectors.IntLib
Replace Part Photo Sens 4 Header 2 in C:\Users\PC\Desktop\Light-Follower\Sheet1.SchDoc with Header 2 from Miscellaneous Connectors.IntLib
Replace Part PWRorBAT Header 3 in C:\Users\PC\Desktop\Light-Follower\Sheet1.SchDoc with Header 3 from Miscellaneous Connectors.IntLib
Update Managed Component R1 From CMP-2003-00217-1[220] To CMP-2003-00217-1[ERJ8ENF2200V] in Sheet1.SchDoc
Update Managed Component R2 From CMP-2003-00217-1[10k] To CMP-2003-00217-1[ERJ8ENF2200V] in Sheet1.SchDoc
Update Managed Component R3 From CMP-2003-00217-1[10k] To CMP-2003-00217-1[ERJ8ENF2200V] in Sheet1.SchDoc
Update Managed Component R4 From CMP-2003-00217-1[10k] To CMP-2003-00217-1[ERJ8ENF2200V] in Sheet1.SchDoc
Update Managed Component R5 From CMP-2003-00217-1[10k] To CMP-2003-00217-1[ERJ8ENF2200V] in Sheet1.SchDoc
Update Managed Component R6 From CMP-2003-00217-1[10k] To CMP-2003-00217-1[ERJ8ENF2200V] in Sheet1.SchDoc
Update Managed Component R7 From CMP-2003-00217-1[220] To CMP-2003-00217-1[ERJ8ENF2200V] in Sheet1.SchDoc
Update Managed Component R8 From CMP-2003-00217-1[10k] To CMP-2003-00217-1[ERJ8ENF2200V] in Sheet1.SchDoc
Update Managed Component R9 From CMP-2003-00217-1[4k7] To CMP-2003-00217-1[ERJ8ENF2200V] in Sheet1.SchDoc
Update Managed Component U1 From CMP-2000-04938-1[LM7805CT] To CMP-2000-04938-1[LM7805CT] in Sheet1.SchDoc
Update Managed Component U1A From CMP-02766-001709-1[SS-104-G-2] To CMP-02766-001709-1[SS-104-G-2] in Sheet1.SchDoc
Update Managed Component U1RT From CMP-02766-001709-1[SS-104-G-2] To CMP-02766-001709-1[SS-104-G-2] in Sheet1.SchDoc
Update Managed Component U2RT From CMP-02766-001709-1[SS-104-G-2] To CMP-02766-001709-1[SS-104-G-2] in Sheet1.SchDoc
Replace Part Y1 ECS-10-13-1 in C:\Users\PC\Desktop\Light-Follower\Sheet1.SchDoc with ECS-10-13-1 from ECS Crystal Oscillator.IntLib
